[    4134ms] [INFO] %cDownload the React DevTools for a better development experience: https://react.dev/link/react-devtools font-weight:bold @ webpack-internal:///(app-pages-browser)/./node_modules/next/dist/compiled/react-dom/cjs/react-dom-client.development.js:24650
[    8219ms] [ERROR] A tree hydrated but some attributes of the server rendered HTML didn't match the client properties. This won't be patched up. This can happen if a SSR-ed Client Component used:

- A server/client branch `if (typeof window !== 'undefined')`.
- Variable input such as `Date.now()` or `Math.random()` which changes each time it's called.
- Date formatting in a user's locale which doesn't match the server.
- External changing data without sending a snapshot of it along with the HTML.
- Invalid HTML tag nesting.

It can also happen if the client has a browser extension installed which messes with the HTML before React loaded.

%s%s https://react.dev/link/hydration-mismatch 

  ...
    <InnerScrollAndFocusHandler segmentPath={[...]} focusAndScrollRef={{apply:false, ...}}>
      <ErrorBoundary errorComponent={undefined} errorStyles={undefined} errorScripts={undefined}>
        <LoadingBoundary loading={null}>
          <HTTPAccessFallbackBoundary notFound={[...]} forbidden={undefined} unauthorized={undefined}>
            <HTTPAccessFallbackErrorBoundary pathname="/inicio" notFound={[...]} forbidden={undefined} ...>
              <RedirectBoundary>
                <RedirectErrorBoundary router={{...}}>
                  <InnerLayoutRouter parallelRouterKey="children" url="/inicio" tree={[...]} childNodes={Map} ...>
                    <AppLayout>
                      <AppShell>
                        <div className={"shell "}>
                          <div>
                          <aside>
                          <div className="main">
                            <header className="topbar">
                              <button>
                              <div className="topbar__se...">
                                <IconSearch>
                                <input
                                  type="search"
                                  placeholder="Buscar editais, projetos…"
                                  aria-label="Buscar"
-                                 style={{caret-color:"transparent"}}
                                >
                              ...
                            ...
 @ webpack-internal:///(app-pages-browser)/./node_modules/next/dist/client/components/globals/intercept-console-error.js:50
